<?xml version="1.0" encoding="UTF-8"?>
<!-- Generated by org.testng.reporters.JUnitReportReporter -->
<testsuite hostname="SASA_mnon" failures="0" tests="1" name="itgate.AutomationProject.App" time="11.944" errors="0" timestamp="2022-04-04T01:26:12 PDT" skipped="0">
  <testcase classname="itgate.AutomationProject.App" name="search" time="11.944"/>
  <system-out/>
</testsuite> <!-- itgate.AutomationProject.App -->
