<?xml version="1.0" encoding="UTF-8"?>
<!-- Generated by org.testng.reporters.JUnitReportReporter -->
<testsuite hostname="SASA_mnon" failures="0" tests="1" name="itgate.DataDrivenFramework.AppTest" time="0.024" errors="0" timestamp="2022-04-04T06:56:16 PDT" skipped="0">
  <testcase classname="itgate.DataDrivenFramework.AppTest" name="homePage" time="0.024"/>
  <system-out/>
</testsuite> <!-- itgate.DataDrivenFramework.AppTest -->
