<?xml version="1.0" encoding="UTF-8"?>
<!-- Generated by org.testng.reporters.JUnitReportReporter -->
<testsuite hostname="SASA_mnon" failures="0" tests="1" name="itgate.DataDrivenFramework.LoginTest" time="29.461" errors="0" timestamp="2022-04-04T06:49:49 PDT" skipped="0">
  <testcase classname="itgate.DataDrivenFramework.LoginTest" name="login" time="29.461"/>
  <system-out/>
</testsuite> <!-- itgate.DataDrivenFramework.LoginTest -->
