<?xml version="1.0" encoding="UTF-8"?>
<!-- Generated by org.testng.reporters.JUnitReportReporter -->
<testsuite hostname="SASA_mnon" failures="0" tests="1" name="itgate.DataDrivenFramework.App" time="28.149" errors="0" timestamp="2022-04-04T05:11:27 PDT" skipped="0">
  <testcase classname="itgate.DataDrivenFramework.App" name="homePage" time="28.149"/>
  <system-out/>
</testsuite> <!-- itgate.DataDrivenFramework.App -->
